# JRE version: OpenJDK Runtime Environment Temurin-21.0.12.1+1 (21.0.12.1+1) (build 21.0.12.1+1-LTS)
# Java VM: OpenJDK 64-Bit Server VM Temurin-21.0.12.1+1 (21.0.12.1+1-LTS, mixed mode, sharing, tiered, compressed oops, compressed class ptrs, g1 gc, windows-amd64)
GC Precious Log:
 CardTable entry size: 512
 Card Set container configuration: InlinePtr #cards 4 size 8 Array Of Cards #cards 32 size 80 Howl #buckets 8 coarsen threshold 7372 Howl Bitmap #cards 1024 size 144 coarsen threshold 921 Card regions per heap region 1 cards per card region 8192
 CPUs: 8 total, 8 available
 Memory: 7865M
 Large Page Support: Disabled
 NUMA Support: Disabled
 Compressed Oops: Enabled (Zero based)
 Heap Region Size: 4M
 Heap Min Capacity: 8M
 Heap Initial Capacity: 124M
 Heap Max Capacity: 8G
 Pre-touch: Disabled
 Parallel Workers: 8
 Concurrent Workers: 2
 Concurrent Refinement Workers: 8
 Periodic GC: Disabled
Heap:
 garbage-first heap   total 98304K, used 89319K [0x0000000600000000, 0x0000000800000000)
  region size 4096K, 17 young (69632K), 1 survivors (4096K)
 Metaspace       used 29307K, committed 30400K, reserved 1114112K
  class space    used 4261K, committed 4800K, reserved 1048576K
GC Heap History (11 events):
Event: 0.997 GC heap before
{Heap before GC invocations=0 (full 0):
 garbage-first heap   total 126976K, used 20480K [0x0000000600000000, 0x0000000800000000)
  region size 4096K, 5 young (20480K), 0 survivors (0K)
 Metaspace       used 866K, committed 1024K, reserved 1114112K
  class space    used 70K, committed 128K, reserved 1048576K
}
Event: 1.001 GC heap after
{Heap after GC invocations=1 (full 0):
 garbage-first heap   total 126976K, used 1536K [0x0000000600000000, 0x0000000800000000)
  region size 4096K, 1 young (4096K), 1 survivors (4096K)
 Metaspace       used 866K, committed 1024K, reserved 1114112K
  class space    used 70K, committed 128K, reserved 1048576K
}
Event: 2.788 GC heap before
{Heap before GC invocations=1 (full 0):
 garbage-first heap   total 126976K, used 46592K [0x0000000600000000, 0x0000000800000000)
  region size 4096K, 11 young (45056K), 1 survivors (4096K)
 Metaspace       used 4611K, committed 4864K, reserved 1114112K
  class space    used 585K, committed 704K, reserved 1048576K
}
Event: 2.796 GC heap after
{Heap after GC invocations=2 (full 0):
 garbage-first heap   total 126976K, used 11628K [0x0000000600000000, 0x0000000800000000)
  region size 4096K, 2 young (8192K), 2 survivors (8192K)
 Metaspace       used 4611K, committed 4864K, reserved 1114112K
  class space    used 585K, committed 704K, reserved 1048576K
}
Event: 5.988 GC heap before
{Heap before GC invocations=2 (full 0):
 garbage-first heap   total 126976K, used 73068K [0x0000000600000000, 0x0000000800000000)
  region size 4096K, 18 young (73728K), 2 survivors (8192K)
 Metaspace       used 8419K, committed 8768K, reserved 1114112K
  class space    used 1133K, committed 1280K, reserved 1048576K
}
Event: 5.996 GC heap after
{Heap after GC invocations=3 (full 0):
 garbage-first heap   total 126976K, used 18754K [0x0000000600000000, 0x0000000800000000)
  region size 4096K, 2 young (8192K), 2 survivors (8192K)
 Metaspace       used 8419K, committed 8768K, reserved 1114112K
  class space    used 1133K, committed 1280K, reserved 1048576K
}
Event: 8.795 GC heap before
{Heap before GC invocations=3 (full 0):
 garbage-first heap   total 126976K, used 80194K [0x0000000600000000, 0x0000000800000000)
  region size 4096K, 18 young (73728K), 2 survivors (8192K)
 Metaspace       used 19514K, committed 20160K, reserved 1114112K
  class space    used 2658K, committed 2944K, reserved 1048576K
}
Event: 8.805 GC heap after
{Heap after GC invocations=4 (full 0):
 garbage-first heap   total 126976K, used 23657K [0x0000000600000000, 0x0000000800000000)
  region size 4096K, 2 young (8192K), 2 survivors (8192K)
 Metaspace       used 19514K, committed 20160K, reserved 1114112K
  class space    used 2658K, committed 2944K, reserved 1048576K
}
Event: 9.134 GC heap before
{Heap before GC invocations=4 (full 0):
 garbage-first heap   total 126976K, used 31849K [0x0000000600000000, 0x0000000800000000)
  region size 4096K, 5 young (20480K), 2 survivors (8192K)
 Metaspace       used 20859K, committed 21504K, reserved 1114112K
  class space    used 2887K, committed 3200K, reserved 1048576K
}
Event: 9.138 GC heap after
{Heap after GC invocations=5 (full 0):
 garbage-first heap   total 126976K, used 23783K [0x0000000600000000, 0x0000000800000000)
  region size 4096K, 2 young (8192K), 2 survivors (8192K)
 Metaspace       used 20859K, committed 21504K, reserved 1114112K
  class space    used 2887K, committed 3200K, reserved 1048576K
}
Event: 11.453 GC heap before
{Heap before GC invocations=6 (full 0):
 garbage-first heap   total 98304K, used 89319K [0x0000000600000000, 0x0000000800000000)
  region size 4096K, 18 young (73728K), 2 survivors (8192K)
 Metaspace       used 29307K, committed 30400K, reserved 1114112K
  class space    used 4261K, committed 4800K, reserved 1048576K
}

