# JRE version: OpenJDK Runtime Environment Temurin-21.0.12.1+1 (21.0.12.1+1) (build 21.0.12.1+1-LTS)
# Java VM: OpenJDK 64-Bit Server VM Temurin-21.0.12.1+1 (21.0.12.1+1-LTS, mixed mode, sharing, tiered, compressed oops, compressed class ptrs, parallel gc, windows-amd64)
GC Precious Log:
 CardTable entry size: 512
 CPUs: 8 total, 8 available
 Memory: 7865M
 Large Page Support: Disabled
 NUMA Support: Disabled
 Compressed Oops: Enabled (32-bit)
 Alignments: Space 512K, Generation 512K, Heap 2M
 Heap Min Capacity: 100M
 Heap Initial Capacity: 100M
 Heap Max Capacity: 2G
 Pre-touch: Disabled
 Parallel Workers: 8
Heap:
 PSYoungGen      total 14848K, used 10644K [0x00000000d5580000, 0x00000000d6880000, 0x0000000100000000)
  eden space 14336K, 72% used [0x00000000d5580000,0x00000000d5f9d2a0,0x00000000d6380000)
  from space 512K, 56% used [0x00000000d6800000,0x00000000d6848000,0x00000000d6880000)
  to   space 1024K, 0% used [0x00000000d6680000,0x00000000d6680000,0x00000000d6780000)
 ParOldGen       total 68608K, used 44556K [0x0000000080000000, 0x0000000084300000, 0x00000000d5580000)
  object space 68608K, 64% used [0x0000000080000000,0x0000000082b833e8,0x0000000084300000)
 Metaspace       used 54887K, committed 56128K, reserved 1114112K
  class space    used 6516K, committed 7040K, reserved 1048576K
GC Heap History (20 events):
Event: 14.561 GC heap before
{Heap before GC invocations=29 (full 2):
 PSYoungGen      total 14848K, used 14848K [0x00000000d5580000, 0x00000000d6980000, 0x0000000100000000)
  eden space 14336K, 100% used [0x00000000d5580000,0x00000000d6380000,0x00000000d6380000)
  from space 512K, 100% used [0x00000000d6900000,0x00000000d6980000,0x00000000d6980000)
  to   space 1536K, 0% used [0x00000000d6680000,0x00000000d6680000,0x00000000d6800000)
 ParOldGen       total 68608K, used 37009K [0x0000000080000000, 0x0000000084300000, 0x00000000d5580000)
  object space 68608K, 53% used [0x0000000080000000,0x0000000082424450,0x0000000084300000)
 Metaspace       used 50362K, committed 51584K, reserved 1114112K
  class space    used 5768K, committed 6272K, reserved 1048576K
}
Event: 14.563 GC heap after
{Heap after GC invocations=29 (full 2):
 PSYoungGen      total 15872K, used 512K [0x00000000d5580000, 0x00000000d6980000, 0x0000000100000000)
  eden space 14336K, 0% used [0x00000000d5580000,0x00000000d5580000,0x00000000d6380000)
  from space 1536K, 33% used [0x00000000d6680000,0x00000000d6700000,0x00000000d6800000)
  to   space 1024K, 0% used [0x00000000d6880000,0x00000000d6880000,0x00000000d6980000)
 ParOldGen       total 68608K, used 37455K [0x0000000080000000, 0x0000000084300000, 0x00000000d5580000)
  object space 68608K, 54% used [0x0000000080000000,0x0000000082493c18,0x0000000084300000)
 Metaspace       used 50362K, committed 51584K, reserved 1114112K
  class space    used 5768K, committed 6272K, reserved 1048576K
}
Event: 14.821 GC heap before
{Heap before GC invocations=30 (full 2):
 PSYoungGen      total 15872K, used 14848K [0x00000000d5580000, 0x00000000d6980000, 0x0000000100000000)
  eden space 14336K, 100% used [0x00000000d5580000,0x00000000d6380000,0x00000000d6380000)
  from space 1536K, 33% used [0x00000000d6680000,0x00000000d6700000,0x00000000d6800000)
  to   space 1024K, 0% used [0x00000000d6880000,0x00000000d6880000,0x00000000d6980000)
 ParOldGen       total 68608K, used 37455K [0x0000000080000000, 0x0000000084300000, 0x00000000d5580000)
  object space 68608K, 54% used [0x0000000080000000,0x0000000082493c18,0x0000000084300000)
 Metaspace       used 50371K, committed 51584K, reserved 1114112K
  class space    used 5769K, committed 6272K, reserved 1048576K
}
Event: 14.822 GC heap after
{Heap after GC invocations=30 (full 2):
 PSYoungGen      total 14848K, used 320K [0x00000000d5580000, 0x00000000d6900000, 0x0000000100000000)
  eden space 14336K, 0% used [0x00000000d5580000,0x00000000d5580000,0x00000000d6380000)
  from space 512K, 62% used [0x00000000d6880000,0x00000000d68d0000,0x00000000d6900000)
  to   space 512K, 0% used [0x00000000d6800000,0x00000000d6800000,0x00000000d6880000)
 ParOldGen       total 68608K, used 37791K [0x0000000080000000, 0x0000000084300000, 0x00000000d5580000)
  object space 68608K, 55% used [0x0000000080000000,0x00000000824e7c18,0x0000000084300000)
 Metaspace       used 50371K, committed 51584K, reserved 1114112K
  class space    used 5769K, committed 6272K, reserved 1048576K
}
Event: 15.032 GC heap before
{Heap before GC invocations=31 (full 2):
 PSYoungGen      total 14848K, used 14656K [0x00000000d5580000, 0x00000000d6900000, 0x0000000100000000)
  eden space 14336K, 100% used [0x00000000d5580000,0x00000000d6380000,0x00000000d6380000)
  from space 512K, 62% used [0x00000000d6880000,0x00000000d68d0000,0x00000000d6900000)
  to   space 512K, 0% used [0x00000000d6800000,0x00000000d6800000,0x00000000d6880000)
 ParOldGen       total 68608K, used 37791K [0x0000000080000000, 0x0000000084300000, 0x00000000d5580000)
  object space 68608K, 55% used [0x0000000080000000,0x00000000824e7c18,0x0000000084300000)
 Metaspace       used 50380K, committed 51584K, reserved 1114112K
  class space    used 5769K, committed 6272K, reserved 1048576K
}
Event: 15.035 GC heap after
{Heap after GC invocations=31 (full 2):
 PSYoungGen      total 14848K, used 485K [0x00000000d5580000, 0x00000000d6d80000, 0x0000000100000000)
  eden space 14336K, 0% used [0x00000000d5580000,0x00000000d5580000,0x00000000d6380000)
  from space 512K, 94% used [0x00000000d6800000,0x00000000d6879438,0x00000000d6880000)
  to   space 5120K, 0% used [0x00000000d6880000,0x00000000d6880000,0x00000000d6d80000)
 ParOldGen       total 68608K, used 41326K [0x0000000080000000, 0x0000000084300000, 0x00000000d5580000)
  object space 68608K, 60% used [0x0000000080000000,0x000000008285b938,0x0000000084300000)
 Metaspace       used 50380K, committed 51584K, reserved 1114112K
  class space    used 5769K, committed 6272K, reserved 1048576K
}
Event: 15.207 GC heap before
{Heap before GC invocations=32 (full 2):
 PSYoungGen      total 14848K, used 14821K [0x00000000d5580000, 0x00000000d6d80000, 0x0000000100000000)
  eden space 14336K, 100% used [0x00000000d5580000,0x00000000d6380000,0x00000000d6380000)
  from space 512K, 94% used [0x00000000d6800000,0x00000000d6879438,0x00000000d6880000)
  to   space 5120K, 0% used [0x00000000d6880000,0x00000000d6880000,0x00000000d6d80000)
 ParOldGen       total 68608K, used 41326K [0x0000000080000000, 0x0000000084300000, 0x00000000d5580000)
  object space 68608K, 60% used [0x0000000080000000,0x000000008285b938,0x0000000084300000)
 Metaspace       used 50706K, committed 51904K, reserved 1114112K
  class space    used 5837K, committed 6336K, reserved 1048576K
}
Event: 15.209 GC heap after
{Heap after GC invocations=32 (full 2):
 PSYoungGen      total 14848K, used 480K [0x00000000d5580000, 0x00000000d6900000, 0x0000000100000000)
  eden space 14336K, 0% used [0x00000000d5580000,0x00000000d5580000,0x00000000d6380000)
  from space 512K, 93% used [0x00000000d6880000,0x00000000d68f8000,0x00000000d6900000)
  to   space 2048K, 0% used [0x00000000d6500000,0x00000000d6500000,0x00000000d6700000)
 ParOldGen       total 68608K, used 41827K [0x0000000080000000, 0x0000000084300000, 0x00000000d5580000)
  object space 68608K, 60% used [0x0000000080000000,0x00000000828d8cb8,0x0000000084300000)
 Metaspace       used 50706K, committed 51904K, reserved 1114112K
  class space    used 5837K, committed 6336K, reserved 1048576K
}
Event: 15.436 GC heap before
{Heap before GC invocations=33 (full 2):
 PSYoungGen      total 14848K, used 14816K [0x00000000d5580000, 0x00000000d6900000, 0x0000000100000000)
  eden space 14336K, 100% used [0x00000000d5580000,0x00000000d6380000,0x00000000d6380000)
  from space 512K, 93% used [0x00000000d6880000,0x00000000d68f8000,0x00000000d6900000)
  to   space 2048K, 0% used [0x00000000d6500000,0x00000000d6500000,0x00000000d6700000)
 ParOldGen       total 68608K, used 41827K [0x0000000080000000, 0x0000000084300000, 0x00000000d5580000)
  object space 68608K, 60% used [0x0000000080000000,0x00000000828d8cb8,0x0000000084300000)
 Metaspace       used 51362K, committed 52544K, reserved 1114112K
  class space    used 5971K, committed 6464K, reserved 1048576K
}
Event: 15.438 GC heap after
{Heap after GC invocations=33 (full 2):
 PSYoungGen      total 16384K, used 560K [0x00000000d5580000, 0x00000000d6900000, 0x0000000100000000)
  eden space 14336K, 0% used [0x00000000d5580000,0x00000000d5580000,0x00000000d6380000)
  from space 2048K, 27% used [0x00000000d6500000,0x00000000d658c010,0x00000000d6700000)
  to   space 1024K, 0% used [0x00000000d6800000,0x00000000d6800000,0x00000000d6900000)
 ParOldGen       total 68608K, used 42179K [0x0000000080000000, 0x0000000084300000, 0x00000000d5580000)
  object space 68608K, 61% used [0x0000000080000000,0x0000000082930cc8,0x0000000084300000)
 Metaspace       used 51362K, committed 52544K, reserved 1114112K
  class space    used 5971K, committed 6464K, reserved 1048576K
}
Event: 15.669 GC heap before
{Heap before GC invocations=34 (full 2):
 PSYoungGen      total 16384K, used 14896K [0x00000000d5580000, 0x00000000d6900000, 0x0000000100000000)
  eden space 14336K, 100% used [0x00000000d5580000,0x00000000d6380000,0x00000000d6380000)
  from space 2048K, 27% used [0x00000000d6500000,0x00000000d658c010,0x00000000d6700000)
  to   space 1024K, 0% used [0x00000000d6800000,0x00000000d6800000,0x00000000d6900000)
 ParOldGen       total 68608K, used 42179K [0x0000000080000000, 0x0000000084300000, 0x00000000d5580000)
  object space 68608K, 61% used [0x0000000080000000,0x0000000082930cc8,0x0000000084300000)
 Metaspace       used 52407K, committed 53632K, reserved 1114112K
  class space    used 6125K, committed 6656K, reserved 1048576K
}
Event: 15.671 GC heap after
{Heap after GC invocations=34 (full 2):
 PSYoungGen      total 14848K, used 352K [0x00000000d5580000, 0x00000000d6880000, 0x0000000100000000)
  eden space 14336K, 0% used [0x00000000d5580000,0x00000000d5580000,0x00000000d6380000)
  from space 512K, 68% used [0x00000000d6800000,0x00000000d6858000,0x00000000d6880000)
  to   space 512K, 0% used [0x00000000d6780000,0x00000000d6780000,0x00000000d6800000)
 ParOldGen       total 68608K, used 42659K [0x0000000080000000, 0x0000000084300000, 0x00000000d5580000)
  object space 68608K, 62% used [0x0000000080000000,0x00000000829a8ce8,0x0000000084300000)
 Metaspace       used 52407K, committed 53632K, reserved 1114112K
  class space    used 6125K, committed 6656K, reserved 1048576K
}
Event: 15.917 GC heap before
{Heap before GC invocations=35 (full 2):
 PSYoungGen      total 14848K, used 14688K [0x00000000d5580000, 0x00000000d6880000, 0x0000000100000000)
  eden space 14336K, 100% used [0x00000000d5580000,0x00000000d6380000,0x00000000d6380000)
  from space 512K, 68% used [0x00000000d6800000,0x00000000d6858000,0x00000000d6880000)
  to   space 512K, 0% used [0x00000000d6780000,0x00000000d6780000,0x00000000d6800000)
 ParOldGen       total 68608K, used 42659K [0x0000000080000000, 0x0000000084300000, 0x00000000d5580000)
  object space 68608K, 62% used [0x0000000080000000,0x00000000829a8ce8,0x0000000084300000)
 Metaspace       used 53276K, committed 54528K, reserved 1114112K
  class space    used 6270K, committed 6784K, reserved 1048576K
}
Event: 15.919 GC heap after
{Heap after GC invocations=35 (full 2):
 PSYoungGen      total 14848K, used 384K [0x00000000d5580000, 0x00000000d6880000, 0x0000000100000000)
  eden space 14336K, 0% used [0x00000000d5580000,0x00000000d5580000,0x00000000d6380000)
  from space 512K, 75% used [0x00000000d6780000,0x00000000d67e0000,0x00000000d6800000)
  to   space 512K, 0% used [0x00000000d6800000,0x00000000d6800000,0x00000000d6880000)
 ParOldGen       total 68608K, used 42899K [0x0000000080000000, 0x0000000084300000, 0x00000000d5580000)
  object space 68608K, 62% used [0x0000000080000000,0x00000000829e4ce8,0x0000000084300000)
 Metaspace       used 53276K, committed 54528K, reserved 1114112K
  class space    used 6270K, committed 6784K, reserved 1048576K
}
Event: 16.059 GC heap before
{Heap before GC invocations=36 (full 2):
 PSYoungGen      total 14848K, used 14720K [0x00000000d5580000, 0x00000000d6880000, 0x0000000100000000)
  eden space 14336K, 100% used [0x00000000d5580000,0x00000000d6380000,0x00000000d6380000)
  from space 512K, 75% used [0x00000000d6780000,0x00000000d67e0000,0x00000000d6800000)
  to   space 512K, 0% used [0x00000000d6800000,0x00000000d6800000,0x00000000d6880000)
 ParOldGen       total 68608K, used 42899K [0x0000000080000000, 0x0000000084300000, 0x00000000d5580000)
  object space 68608K, 62% used [0x0000000080000000,0x00000000829e4ce8,0x0000000084300000)
 Metaspace       used 53889K, committed 55168K, reserved 1114112K
  class space    used 6387K, committed 6976K, reserved 1048576K
}
Event: 16.061 GC heap after
{Heap after GC invocations=36 (full 2):
 PSYoungGen      total 14848K, used 416K [0x00000000d5580000, 0x00000000d6880000, 0x0000000100000000)
  eden space 14336K, 0% used [0x00000000d5580000,0x00000000d5580000,0x00000000d6380000)
  from space 512K, 81% used [0x00000000d6800000,0x00000000d6868010,0x00000000d6880000)
  to   space 512K, 0% used [0x00000000d6780000,0x00000000d6780000,0x00000000d6800000)
 ParOldGen       total 68608K, used 43099K [0x0000000080000000, 0x0000000084300000, 0x00000000d5580000)
  object space 68608K, 62% used [0x0000000080000000,0x0000000082a16ce8,0x0000000084300000)
 Metaspace       used 53889K, committed 55168K, reserved 1114112K
  class space    used 6387K, committed 6976K, reserved 1048576K
}
Event: 16.219 GC heap before
{Heap before GC invocations=37 (full 2):
 PSYoungGen      total 14848K, used 14752K [0x00000000d5580000, 0x00000000d6880000, 0x0000000100000000)
  eden space 14336K, 100% used [0x00000000d5580000,0x00000000d6380000,0x00000000d6380000)
  from space 512K, 81% used [0x00000000d6800000,0x00000000d6868010,0x00000000d6880000)
  to   space 512K, 0% used [0x00000000d6780000,0x00000000d6780000,0x00000000d6800000)
 ParOldGen       total 68608K, used 43099K [0x0000000080000000, 0x0000000084300000, 0x00000000d5580000)
  object space 68608K, 62% used [0x0000000080000000,0x0000000082a16ce8,0x0000000084300000)
 Metaspace       used 54339K, committed 55680K, reserved 1114112K
  class space    used 6479K, committed 7040K, reserved 1048576K
}
Event: 16.222 GC heap after
{Heap after GC invocations=37 (full 2):
 PSYoungGen      total 14848K, used 494K [0x00000000d5580000, 0x00000000d6880000, 0x0000000100000000)
  eden space 14336K, 0% used [0x00000000d5580000,0x00000000d5580000,0x00000000d6380000)
  from space 512K, 96% used [0x00000000d6780000,0x00000000d67fbaa0,0x00000000d6800000)
  to   space 512K, 0% used [0x00000000d6800000,0x00000000d6800000,0x00000000d6880000)
 ParOldGen       total 68608K, used 44101K [0x0000000080000000, 0x0000000084300000, 0x00000000d5580000)
  object space 68608K, 64% used [0x0000000080000000,0x0000000082b11410,0x0000000084300000)
 Metaspace       used 54339K, committed 55680K, reserved 1114112K
  class space    used 6479K, committed 7040K, reserved 1048576K
}
Event: 16.643 GC heap before
{Heap before GC invocations=38 (full 2):
 PSYoungGen      total 14848K, used 14830K [0x00000000d5580000, 0x00000000d6880000, 0x0000000100000000)
  eden space 14336K, 100% used [0x00000000d5580000,0x00000000d6380000,0x00000000d6380000)
  from space 512K, 96% used [0x00000000d6780000,0x00000000d67fbaa0,0x00000000d6800000)
  to   space 512K, 0% used [0x00000000d6800000,0x00000000d6800000,0x00000000d6880000)
 ParOldGen       total 68608K, used 44101K [0x0000000080000000, 0x0000000084300000, 0x00000000d5580000)
  object space 68608K, 64% used [0x0000000080000000,0x0000000082b11410,0x0000000084300000)
 Metaspace       used 54540K, committed 55808K, reserved 1114112K
  class space    used 6494K, committed 7040K, reserved 1048576K
}
Event: 16.645 GC heap after
{Heap after GC invocations=38 (full 2):
 PSYoungGen      total 14848K, used 288K [0x00000000d5580000, 0x00000000d6880000, 0x0000000100000000)
  eden space 14336K, 0% used [0x00000000d5580000,0x00000000d5580000,0x00000000d6380000)
  from space 512K, 56% used [0x00000000d6800000,0x00000000d6848000,0x00000000d6880000)
  to   space 1024K, 0% used [0x00000000d6680000,0x00000000d6680000,0x00000000d6780000)
 ParOldGen       total 68608K, used 44556K [0x0000000080000000, 0x0000000084300000, 0x00000000d5580000)
  object space 68608K, 64% used [0x0000000080000000,0x0000000082b833e8,0x0000000084300000)
 Metaspace       used 54540K, committed 55808K, reserved 1114112K
  class space    used 6494K, committed 7040K, reserved 1048576K
}

